********************************************************************************
DUPLICATOR-LITE PACKAGE-LOG: April 3, 2023 5:39 pm
NOTICE: Do NOT post to public sites or forums 
********************************************************************************
VERSION:	1.5.3.1
WORDPRESS:	6.2
PHP INFO:	8.2.0 | SAPI: apache2handler
SERVER:		Apache/2.4.54 (Win64) OpenSSL/1.1.1p PHP/8.2.0 
PHP TIME LIMIT: (0) no time limit imposed 
PHP MAX MEMORY: 4294967296 (512M default) 
MEMORY STACK: 56MB
[CTRL DUP ARCIVE] PACKAGE AS NEW ID 1 SAVED | STATUS:0
[DUP ARCHIVE] BUILDING DATABASE

********************************************************************************
DATABASE:
********************************************************************************
BUILD MODE:   MYSQLDUMP
MYSQLTIMEOUT: 5000
MYSQLDUMP:    Is Supported
[PHP ERR][ISSUE] MSG:Creation of dynamic property DUP_Database::$sameNameTableExists is deprecated [CODE:8192|FILE:C:\Development\XAMPP\htdocs\Portfolio\wp-content\plugins\duplicator\classes\package\class.pack.database.php|LINE:761]
do_action('wp_ajax_duplicator_duparchive_package_build'), WP_Hook->do_action, WP_Hook->apply_filters, duplicator_duparchive_package_build, DUP_Package->runDupArchiveBuild, DUP_Database->build, DUP_Database->mysqlDump, DUP_Database->rewriteTableNameAs, DUP_Handler::error, DUP_Handler::getMessage
SQL CREATED: Site_Backup_21eef5fabf9744866920_20230403173842_database.sql
SQL FILE SIZE: 9.97MB (10451384)
SQL FILE TIME: 2023-04-03 17:40:24
SQL RUNTIME: 29.51 sec.
[DUP ARCHIVE] VALIDATING DATABASE
[DUP ARCHIVE] DONE DATABASE

********************************************************************************
ARCHIVE Type=DUP Mode=DupArchive
********************************************************************************
ARCHIVE DIR:  C:/Development/XAMPP/htdocs/Portfolio
ARCHIVE FILE: Site_Backup_21eef5fabf9744866920_20230403173842_archive.daf
FILTERS: *OFF*
DIRS:
	not set
FILES:
	not set
EXTS:  not set
----------------------------------------
COMPRESSING
SIZE:	356.68MB
STATS:	Dirs 1,243 | Files 7,353 | Total 8,596
[DUP ARCHIVE] DONE ARCHIVE
[DUP ARCHIVE] DONE ARCHIVE
building installer
[DUP ARCHIVE] DONE ARCHIVE
COMPRESSED SIZE: 265.47MB
ARCHIVE RUNTIME: 47.10 sec.
MEMORY STACK: 60MB
CREATE WARNINGS: No warnings.
VALIDATION WARNINGS: No warnings.
[DUP ARCHIVE] DONE ARCHIVE
[DUP ARCHIVE] HAS COMPLETED CLOSING
[DUP ARCHIVE] DUP ARCHIVE INTEGRITY CHECK

********************************************************************************
INTEGRITY CHECKS:
********************************************************************************
SQL FILE: 9.97MB
INSTALLER FILE: 94.68KB
ARCHIVE FILE: 265.47MB 
EXPECTED FILE/DIRECTORY COUNT: 9,334
ACTUAL FILE/DIRECTORY COUNT: 9,335

********************************************************************************
RECORD ID:[1]
TOTAL PROCESS RUNTIME: 47.11 sec.
PEAK PHP MEMORY USED: 60MB
DONE PROCESSING => Site_Backup 2023-04-03 17:40:42

